<?xml version="1.0" encoding="UTF-8"?>
<!-- Generated by org.testng.reporters.JUnitReportReporter -->
<testsuite hostname="LAPTOP-P61854C6" name="no.itautomationapi.pages.PagesRunner" tests="1" failures="0" timestamp="8 Dec 2019 01:22:48 GMT" time="4.379" errors="0">
  <testcase name="testParallel" time="4.379" classname="no.itautomationapi.pages.PagesRunner"/>
</testsuite> <!-- no.itautomationapi.pages.PagesRunner -->
